2023-10-05 14:58:48 [INFO][restartedMain][c.b.b.BookStoreAppApplication:51] Starting BookStoreAppApplication using Java 17.0.8 with PID 10340 (C:\Users\hp\IdeaProjects\BookStoreApp\target\classes started by hp in C:\Users\hp\IdeaProjects\BookStoreApp)
2023-10-05 14:58:48 [INFO][restartedMain][c.b.b.BookStoreAppApplication:643] The following 1 profile is active: "app"
2023-10-05 14:58:48 [INFO][restartedMain][o.s.b.d.e.DevToolsPropertyDefaultsPostProcessor:250] Devtools property defaults active! Set 'spring.devtools.add-properties' to 'false' to disable
2023-10-05 14:58:48 [INFO][restartedMain][o.s.b.d.e.DevToolsPropertyDefaultsPostProcessor:250] For additional web related logging consider setting the 'logging.level.web' property to 'DEBUG'
2023-10-05 14:58:50 [INFO][restartedMain][o.s.d.r.c.RepositoryConfigurationDelegate:138] Bootstrapping Spring Data JPA repositories in DEFAULT mode.
2023-10-05 14:58:50 [INFO][restartedMain][o.s.d.r.c.RepositoryConfigurationDelegate:208] Finished Spring Data repository scanning in 159 ms. Found 4 JPA repository interfaces.
2023-10-05 14:58:52 [INFO][restartedMain][o.s.b.w.e.t.TomcatWebServer:108] Tomcat initialized with port(s): 8080 (http)
2023-10-05 14:58:52 [INFO][restartedMain][o.a.c.c.StandardService:173] Starting service [Tomcat]
2023-10-05 14:58:52 [INFO][restartedMain][o.a.c.c.StandardEngine:173] Starting Servlet engine: [Apache Tomcat/10.1.13]
2023-10-05 14:58:52 [INFO][restartedMain][o.a.c.c.C.[.[.[/]:173] Initializing Spring embedded WebApplicationContext
2023-10-05 14:58:52 [INFO][restartedMain][o.s.b.w.s.c.ServletWebServerApplicationContext:291] Root WebApplicationContext: initialization completed in 3463 ms
2023-10-05 14:58:52 [INFO][restartedMain][o.h.j.i.u.LogHelper:31] HHH000204: Processing PersistenceUnitInfo [name: default]
2023-10-05 14:58:52 [INFO][restartedMain][o.h.Version:44] HHH000412: Hibernate ORM core version 6.2.9.Final
2023-10-05 14:58:52 [INFO][restartedMain][o.h.c.Environment:191] HHH000406: Using bytecode reflection optimizer
2023-10-05 14:58:52 [INFO][restartedMain][o.h.b.i.BytecodeProviderInitiator:53] HHH000021: Bytecode provider name : bytebuddy
2023-10-05 14:58:53 [INFO][restartedMain][o.s.o.j.p.SpringPersistenceUnitInfo:87] No LoadTimeWeaver setup: ignoring JPA class transformer
2023-10-05 14:58:53 [INFO][restartedMain][c.z.h.HikariDataSource:110] HikariPool-1 - Starting...
2023-10-05 14:58:54 [INFO][restartedMain][c.z.h.p.HikariPool:565] HikariPool-1 - Added connection com.mysql.cj.jdbc.ConnectionImpl@3981e697
2023-10-05 14:58:54 [INFO][restartedMain][c.z.h.HikariDataSource:123] HikariPool-1 - Start completed.
2023-10-05 14:58:54 [INFO][restartedMain][o.h.b.i.BytecodeProviderInitiator:53] HHH000021: Bytecode provider name : bytebuddy
2023-10-05 14:58:56 [INFO][restartedMain][o.h.e.t.j.p.i.JtaPlatformInitiator:51] HHH000490: Using JtaPlatform implementation: [org.hibernate.engine.transaction.jta.platform.internal.NoJtaPlatform]
2023-10-05 14:58:56 [INFO][restartedMain][o.s.o.j.LocalContainerEntityManagerFactoryBean:437] Initialized JPA EntityManagerFactory for persistence unit 'default'
2023-10-05 14:58:57 [WARN][restartedMain][o.s.b.a.o.j.JpaBaseConfiguration$JpaWebConfiguration:231] spring.jpa.open-in-view is enabled by default. Therefore, database queries may be performed during view rendering. Explicitly configure spring.jpa.open-in-view to disable this warning
2023-10-05 14:58:57 [INFO][restartedMain][o.s.b.d.a.OptionalLiveReloadServer:59] LiveReload server is running on port 35729
2023-10-05 14:58:57 [INFO][restartedMain][o.s.b.w.e.t.TomcatWebServer:220] Tomcat started on port(s): 8080 (http) with context path ''
2023-10-05 14:58:57 [INFO][restartedMain][c.b.b.BookStoreAppApplication:57] Started BookStoreAppApplication in 10.871 seconds (process running for 13.342)
2023-10-05 15:27:28 [WARN][HikariPool-1 housekeeper][c.z.h.p.HikariPool:804] HikariPool-1 - Thread starvation or clock leap detected (housekeeper delta=11m33s511ms498µs100ns).
2023-10-05 15:33:20 [INFO][http-nio-8080-exec-1][o.a.c.c.C.[.[.[/]:173] Initializing Spring DispatcherServlet 'dispatcherServlet'
2023-10-05 15:33:20 [INFO][http-nio-8080-exec-1][o.s.w.s.DispatcherServlet:532] Initializing Servlet 'dispatcherServlet'
2023-10-05 15:33:20 [INFO][http-nio-8080-exec-1][o.s.w.s.DispatcherServlet:554] Completed initialization in 87 ms
2023-10-05 16:11:43 [WARN][HikariPool-1 housekeeper][c.z.h.p.HikariPool:804] HikariPool-1 - Thread starvation or clock leap detected (housekeeper delta=30m14s914ms603µs400ns).
2023-10-05 16:32:14 [INFO][SpringApplicationShutdownHook][o.s.o.j.LocalContainerEntityManagerFactoryBean:650] Closing JPA EntityManagerFactory for persistence unit 'default'
2023-10-05 16:32:14 [INFO][SpringApplicationShutdownHook][c.z.h.HikariDataSource:350] HikariPool-1 - Shutdown initiated...
2023-10-05 16:32:14 [INFO][SpringApplicationShutdownHook][c.z.h.HikariDataSource:352] HikariPool-1 - Shutdown completed.
